<?xml version="1.0" encoding="UTF-8"?>
<testsuite xmlns:xsi="http://www.w3.org/2001/XMLSchema-instance" xsi:noNamespaceSchemaLocation="https://maven.apache.org/surefire/maven-surefire-plugin/xsd/surefire-test-report-3.0.xsd" version="3.0" name="jUnitController.LibraryControllerTest" time="0.018" tests="12" errors="0" skipped="0" failures="0">
  <properties>
[...]
</properties>
  <testcase name="testLendBook" classname="jUnitController.LibraryControllerTest" time="0.007">
    <system-out><![CDATA[TestUser borrowed a book - 1984 | 23.09.2026
]]></system-out>
  </testcase>
  <testcase name="testFindBooksByYearNoResults" classname="jUnitController.LibraryControllerTest" time="0.001"/>
  <testcase name="testAddBook" classname="jUnitController.LibraryControllerTest" time="0.001"/>
  <testcase name="testContructor" classname="jUnitController.LibraryControllerTest" time="0.001"/>
  <testcase name="testRemoveNonExistingBook" classname="jUnitController.LibraryControllerTest" time="0.001"/>
  <testcase name="testFindBooksByUnknownAuthor" classname="jUnitController.LibraryControllerTest" time="0.0"/>
  <testcase name="testRemoveBook" classname="jUnitController.LibraryControllerTest" time="0.001"/>
  <testcase name="testFindBooksByYear" classname="jUnitController.LibraryControllerTest" time="0.001"/>
  <testcase name="testReturnBook" classname="jUnitController.LibraryControllerTest" time="0.001">
    <system-out><![CDATA[TestUser borrowed a book - 1984 | 23.09.2026
TestUser returned a book - 1984 | 23.09.2026
]]></system-out>
  </testcase>
  <testcase name="testSortBooksByYear" classname="jUnitController.LibraryControllerTest" time="0.001"/>
  <testcase name="testSortBooksByTitle" classname="jUnitController.LibraryControllerTest" time="0.0"/>
  <testcase name="testFindBooksByAuthor" classname="jUnitController.LibraryControllerTest" time="0.0"/>
</testsuite>